<?xml version="1.0" encoding="UTF-8"?>
<!-- Generated by org.testng.reporters.JUnitReportReporter -->
<testsuite hostname="DESKTOP-CN7194J" failures="0" tests="1" name="bank.testCases.FindTransactions_009" time="5.938" errors="0" timestamp="2024-01-27T14:10:21 IST" skipped="0">
  <testcase classname="bank.testCases.FindTransactions_009" name="transactions" time="5.938"/>
</testsuite> <!-- bank.testCases.FindTransactions_009 -->
