<?xml version="1.0" encoding="UTF-8"?>
<!-- Generated by org.testng.reporters.JUnitReportReporter -->
<testsuite hostname="DESKTOP-CN7194J" failures="0" tests="1" name="bank.testCases.OpenNewAcc_005" time="58.072" errors="0" timestamp="2024-01-27T14:10:21 IST" skipped="0">
  <testcase classname="bank.testCases.OpenNewAcc_005" name="openNewAccount" time="58.072"/>
</testsuite> <!-- bank.testCases.OpenNewAcc_005 -->
