<?xml version="1.0" encoding="UTF-8"?>
<!-- Generated by org.testng.reporters.JUnitReportReporter -->
<testsuite hostname="DESKTOP-CN7194J" failures="0" tests="6" name="bank.testCases.UpdateProfileTest_010" time="10.445" errors="0" timestamp="2024-01-27T14:10:21 IST" skipped="0">
  <testcase classname="bank.testCases.UpdateProfileTest_010" name="updateProfileTest" time="1.700"/>
  <testcase classname="bank.testCases.UpdateProfileTest_010" name="updateProfileTest" time="1.793"/>
  <testcase classname="bank.testCases.UpdateProfileTest_010" name="updateProfileTest" time="1.694"/>
  <testcase classname="bank.testCases.UpdateProfileTest_010" name="updateProfileTest" time="1.707"/>
  <testcase classname="bank.testCases.UpdateProfileTest_010" name="updateProfileTest" time="1.784"/>
  <testcase classname="bank.testCases.UpdateProfileTest_010" name="updateProfileTest" time="1.767"/>
</testsuite> <!-- bank.testCases.UpdateProfileTest_010 -->
